d:\documents\2dae\sem 2\programming 4\project\qbert-gameengine\bin-int\release-x64\qbert\qbert.pch
d:\documents\2dae\sem 2\programming 4\project\qbert-gameengine\bin-int\release-x64\qbert\vc142.pdb
d:\documents\2dae\sem 2\programming 4\project\qbert-gameengine\bin-int\release-x64\qbert\pch.obj
d:\documents\2dae\sem 2\programming 4\project\qbert-gameengine\bin-int\release-x64\qbert\redball.obj
d:\documents\2dae\sem 2\programming 4\project\qbert-gameengine\bin-int\release-x64\qbert\qbertgamecontroller.obj
d:\documents\2dae\sem 2\programming 4\project\qbert-gameengine\bin-int\release-x64\qbert\playermanager.obj
d:\documents\2dae\sem 2\programming 4\project\qbert-gameengine\bin-int\release-x64\qbert\player.obj
d:\documents\2dae\sem 2\programming 4\project\qbert-gameengine\bin-int\release-x64\qbert\main.obj
d:\documents\2dae\sem 2\programming 4\project\qbert-gameengine\bin-int\release-x64\qbert\mainmenusdlbuttons.obj
d:\documents\2dae\sem 2\programming 4\project\qbert-gameengine\bin-int\release-x64\qbert\mainmenulevel.obj
d:\documents\2dae\sem 2\programming 4\project\qbert-gameengine\bin-int\release-x64\qbert\mainlevel.obj
d:\documents\2dae\sem 2\programming 4\project\qbert-gameengine\bin-int\release-x64\qbert\maingame.obj
d:\documents\2dae\sem 2\programming 4\project\qbert-gameengine\bin-int\release-x64\qbert\levelreader.obj
d:\documents\2dae\sem 2\programming 4\project\qbert-gameengine\bin-int\release-x64\qbert\ingamemenuui.obj
d:\documents\2dae\sem 2\programming 4\project\qbert-gameengine\bin-int\release-x64\qbert\grid.obj
d:\documents\2dae\sem 2\programming 4\project\qbert-gameengine\bin-int\release-x64\qbert\greenball.obj
d:\documents\2dae\sem 2\programming 4\project\qbert-gameengine\bin-int\release-x64\qbert\graph.obj
d:\documents\2dae\sem 2\programming 4\project\qbert-gameengine\bin-int\release-x64\qbert\gameobservers.obj
d:\documents\2dae\sem 2\programming 4\project\qbert-gameengine\bin-int\release-x64\qbert\endui.obj
d:\documents\2dae\sem 2\programming 4\project\qbert-gameengine\bin-int\release-x64\qbert\disc.obj
d:\documents\2dae\sem 2\programming 4\project\qbert-gameengine\bin-int\release-x64\qbert\coily.obj
d:\documents\2dae\sem 2\programming 4\project\qbert-gameengine\bin-int\release-x64\qbert\cellcomponent.obj
d:\documents\2dae\sem 2\programming 4\project\qbert-gameengine\bin-int\release-x64\qbert\blockcomponent.obj
d:\documents\2dae\sem 2\programming 4\project\qbert-gameengine\bin-int\release-x64\qbert\ugg_wrongway.obj
d:\documents\2dae\sem 2\programming 4\project\qbert-gameengine\bin-int\release-x64\qbert\spawner.obj
d:\documents\2dae\sem 2\programming 4\project\qbert-gameengine\bin-int\release-x64\qbert\slick_sam.obj
d:\documents\2dae\sem 2\programming 4\project\qbert-gameengine\bin-int\release-x64\qbert\scorelevel.obj
d:\documents\2dae\sem 2\programming 4\project\qbert-gameengine\bin\release-x64\qbert\qbert.exe
d:\documents\2dae\sem 2\programming 4\project\qbert-gameengine\bin-int\release-x64\qbert\qbert.iobj
d:\documents\2dae\sem 2\programming 4\project\qbert-gameengine\bin\release-x64\qbert\qbert.pdb
d:\documents\2dae\sem 2\programming 4\project\qbert-gameengine\bin-int\release-x64\qbert\qbert.ipdb
d:\documents\2dae\sem 2\programming 4\project\qbert-gameengine\bin-int\release-x64\qbert\qbert.tlog\cl.command.1.tlog
d:\documents\2dae\sem 2\programming 4\project\qbert-gameengine\bin-int\release-x64\qbert\qbert.tlog\cl.read.1.tlog
d:\documents\2dae\sem 2\programming 4\project\qbert-gameengine\bin-int\release-x64\qbert\qbert.tlog\cl.write.1.tlog
d:\documents\2dae\sem 2\programming 4\project\qbert-gameengine\bin-int\release-x64\qbert\qbert.tlog\link.command.1.tlog
d:\documents\2dae\sem 2\programming 4\project\qbert-gameengine\bin-int\release-x64\qbert\qbert.tlog\link.read.1.tlog
d:\documents\2dae\sem 2\programming 4\project\qbert-gameengine\bin-int\release-x64\qbert\qbert.tlog\link.write.1.tlog
