d:\documents\2dae\sem 2\programming 4\project\qbert-gameengine\bin-int\release-x64\minigin\minigin.pch
d:\documents\2dae\sem 2\programming 4\project\qbert-gameengine\bin-int\release-x64\minigin\minigin.pdb
d:\documents\2dae\sem 2\programming 4\project\qbert-gameengine\bin-int\release-x64\minigin\miniginpch.obj
d:\documents\2dae\sem 2\programming 4\project\qbert-gameengine\bin-int\release-x64\minigin\imgui_widgets.obj
d:\documents\2dae\sem 2\programming 4\project\qbert-gameengine\bin-int\release-x64\minigin\imgui_tables.obj
d:\documents\2dae\sem 2\programming 4\project\qbert-gameengine\bin-int\release-x64\minigin\imgui_draw.obj
d:\documents\2dae\sem 2\programming 4\project\qbert-gameengine\bin-int\release-x64\minigin\imgui_demo.obj
d:\documents\2dae\sem 2\programming 4\project\qbert-gameengine\bin-int\release-x64\minigin\imgui.obj
d:\documents\2dae\sem 2\programming 4\project\qbert-gameengine\bin-int\release-x64\minigin\imgui_impl_sdl.obj
d:\documents\2dae\sem 2\programming 4\project\qbert-gameengine\bin-int\release-x64\minigin\imgui_impl_opengl2.obj
d:\documents\2dae\sem 2\programming 4\project\qbert-gameengine\bin-int\release-x64\minigin\transform.obj
d:\documents\2dae\sem 2\programming 4\project\qbert-gameengine\bin-int\release-x64\minigin\texturecomponent.obj
d:\documents\2dae\sem 2\programming 4\project\qbert-gameengine\bin-int\release-x64\minigin\texture2d.obj
d:\documents\2dae\sem 2\programming 4\project\qbert-gameengine\bin-int\release-x64\minigin\textcomponent.obj
d:\documents\2dae\sem 2\programming 4\project\qbert-gameengine\bin-int\release-x64\minigin\soundsystem.obj
d:\documents\2dae\sem 2\programming 4\project\qbert-gameengine\bin-int\release-x64\minigin\scenemanager.obj
d:\documents\2dae\sem 2\programming 4\project\qbert-gameengine\bin-int\release-x64\minigin\scene.obj
d:\documents\2dae\sem 2\programming 4\project\qbert-gameengine\bin-int\release-x64\minigin\resourcemanager.obj
d:\documents\2dae\sem 2\programming 4\project\qbert-gameengine\bin-int\release-x64\minigin\renderer.obj
d:\documents\2dae\sem 2\programming 4\project\qbert-gameengine\bin-int\release-x64\minigin\rendercomponent.obj
d:\documents\2dae\sem 2\programming 4\project\qbert-gameengine\bin-int\release-x64\minigin\playercomponent.obj
d:\documents\2dae\sem 2\programming 4\project\qbert-gameengine\bin-int\release-x64\minigin\minigin.obj
d:\documents\2dae\sem 2\programming 4\project\qbert-gameengine\bin-int\release-x64\minigin\main.obj
d:\documents\2dae\sem 2\programming 4\project\qbert-gameengine\bin-int\release-x64\minigin\levelmanager.obj
d:\documents\2dae\sem 2\programming 4\project\qbert-gameengine\bin-int\release-x64\minigin\level.obj
d:\documents\2dae\sem 2\programming 4\project\qbert-gameengine\bin-int\release-x64\minigin\inputmanager.obj
d:\documents\2dae\sem 2\programming 4\project\qbert-gameengine\bin-int\release-x64\minigin\gameobject.obj
d:\documents\2dae\sem 2\programming 4\project\qbert-gameengine\bin-int\release-x64\minigin\gamecontroller.obj
d:\documents\2dae\sem 2\programming 4\project\qbert-gameengine\bin-int\release-x64\minigin\fps.obj
d:\documents\2dae\sem 2\programming 4\project\qbert-gameengine\bin-int\release-x64\minigin\font.obj
d:\documents\2dae\sem 2\programming 4\project\qbert-gameengine\bin-int\release-x64\minigin\uicomponent.obj
d:\documents\2dae\sem 2\programming 4\project\qbert-gameengine\bin\release-x64\minigin\minigin.lib
d:\documents\2dae\sem 2\programming 4\project\qbert-gameengine\bin-int\release-x64\minigin\minigin.tlog\cl.command.1.tlog
d:\documents\2dae\sem 2\programming 4\project\qbert-gameengine\bin-int\release-x64\minigin\minigin.tlog\cl.read.1.tlog
d:\documents\2dae\sem 2\programming 4\project\qbert-gameengine\bin-int\release-x64\minigin\minigin.tlog\cl.write.1.tlog
d:\documents\2dae\sem 2\programming 4\project\qbert-gameengine\bin-int\release-x64\minigin\minigin.tlog\lib-link.read.1.tlog
d:\documents\2dae\sem 2\programming 4\project\qbert-gameengine\bin-int\release-x64\minigin\minigin.tlog\lib-link.write.1.tlog
d:\documents\2dae\sem 2\programming 4\project\qbert-gameengine\bin-int\release-x64\minigin\minigin.tlog\lib.command.1.tlog
