d:\documents\2dae\sem 2\programming 4\project\minigin\minigin\win32\debug\minigin.pch
d:\documents\2dae\sem 2\programming 4\project\minigin\minigin\win32\debug\vc142.pdb
d:\documents\2dae\sem 2\programming 4\project\minigin\minigin\win32\debug\vc142.idb
d:\documents\2dae\sem 2\programming 4\project\minigin\minigin\win32\debug\miniginpch.obj
d:\documents\2dae\sem 2\programming 4\project\minigin\minigin\win32\debug\transform.obj
d:\documents\2dae\sem 2\programming 4\project\minigin\minigin\win32\debug\texture2d.obj
d:\documents\2dae\sem 2\programming 4\project\minigin\minigin\win32\debug\scenemanager.obj
d:\documents\2dae\sem 2\programming 4\project\minigin\minigin\win32\debug\scene.obj
d:\documents\2dae\sem 2\programming 4\project\minigin\minigin\win32\debug\resourcemanager.obj
d:\documents\2dae\sem 2\programming 4\project\minigin\minigin\win32\debug\renderer.obj
d:\documents\2dae\sem 2\programming 4\project\minigin\minigin\win32\debug\minigin.obj
d:\documents\2dae\sem 2\programming 4\project\minigin\minigin\win32\debug\main.obj
d:\documents\2dae\sem 2\programming 4\project\minigin\minigin\win32\debug\inputmanager.obj
d:\documents\2dae\sem 2\programming 4\project\minigin\minigin\win32\debug\gameobject.obj
d:\documents\2dae\sem 2\programming 4\project\minigin\minigin\win32\debug\font.obj
d:\documents\2dae\sem 2\programming 4\project\minigin\minigin\win32\debug\textcomponent.obj
d:\documents\2dae\sem 2\programming 4\project\minigin\minigin\win32\debug\rendercomponent.obj
d:\documents\2dae\sem 2\programming 4\project\minigin\minigin\win32\debug\fps.obj
d:\documents\2dae\sem 2\programming 4\project\minigin\minigin\win32\debug\texturecomponent.obj
d:\documents\2dae\sem 2\programming 4\project\minigin\win32\debug\minigin.exe
d:\documents\2dae\sem 2\programming 4\project\minigin\win32\debug\minigin.ilk
d:\documents\2dae\sem 2\programming 4\project\minigin\win32\debug\minigin.pdb
d:\documents\2dae\sem 2\programming 4\project\minigin\win32\debug\minigin.lib
d:\documents\2dae\sem 2\programming 4\project\minigin\win32\debug\minigin.exp
d:\documents\2dae\sem 2\programming 4\project\minigin\minigin\win32\debug\minigin.tlog\cl.command.1.tlog
d:\documents\2dae\sem 2\programming 4\project\minigin\minigin\win32\debug\minigin.tlog\cl.read.1.tlog
d:\documents\2dae\sem 2\programming 4\project\minigin\minigin\win32\debug\minigin.tlog\cl.write.1.tlog
d:\documents\2dae\sem 2\programming 4\project\minigin\minigin\win32\debug\minigin.tlog\link.command.1.tlog
d:\documents\2dae\sem 2\programming 4\project\minigin\minigin\win32\debug\minigin.tlog\link.read.1.tlog
d:\documents\2dae\sem 2\programming 4\project\minigin\minigin\win32\debug\minigin.tlog\link.write.1.tlog
d:\documents\2dae\sem 2\programming 4\project\minigin\minigin\win32\debug\minigin.tlog\minigin.write.1u.tlog
